2022-01-14 14:16:35,340 INFO org.springframework.boot.StartupInfoLogger [restartedMain] Starting Application using Java 11.0.11 on DESKTOP-KQ4S1ME with PID 8308 (F:\SGT_2\MainRepo\FinalProjectRestartYourLove\target\classes started by Admin in F:\SGT_2\MainRepo)
2022-01-14 14:16:35,375 DEBUG org.springframework.boot.StartupInfoLogger [restartedMain] Running with Spring Boot v2.6.1, Spring v5.3.13
2022-01-14 14:16:35,376 INFO org.springframework.boot.SpringApplication [restartedMain] No active profile set, falling back to default profiles: default
2022-01-14 14:16:43,528 INFO org.springframework.boot.StartupInfoLogger [restartedMain] Started Application in 9.486 seconds (JVM running for 11.154)
2022-01-14 15:39:28,995 INFO org.springframework.boot.StartupInfoLogger [restartedMain] Starting Application using Java 11.0.11 on DESKTOP-KQ4S1ME with PID 15960 (F:\SGT_2\MainRepo\FinalProjectRestartYourLove\target\classes started by Admin in F:\SGT_2\MainRepo)
2022-01-14 15:39:28,998 DEBUG org.springframework.boot.StartupInfoLogger [restartedMain] Running with Spring Boot v2.6.1, Spring v5.3.13
2022-01-14 15:39:28,999 INFO org.springframework.boot.SpringApplication [restartedMain] No active profile set, falling back to default profiles: default
2022-01-14 15:39:35,964 INFO org.springframework.boot.StartupInfoLogger [restartedMain] Started Application in 7.864 seconds (JVM running for 8.822)
2022-01-14 15:39:53,084 DEBUG lv.restart.your.love.Final.Project.Restart.Your.Love.controller.SignUpController [http-nio-8080-exec-2] Registering User account
2022-01-14 15:39:53,478 ERROR lv.restart.your.love.Final.Project.Restart.Your.Love.controller.SignUpController [http-nio-8080-exec-2] Username - Liza - already exists.
2022-01-14 15:41:29,744 INFO org.springframework.boot.StartupInfoLogger [restartedMain] Starting Application using Java 11.0.11 on DESKTOP-KQ4S1ME with PID 12680 (F:\SGT_2\MainRepo\FinalProjectRestartYourLove\target\classes started by Admin in F:\SGT_2\MainRepo)
2022-01-14 15:41:29,752 DEBUG org.springframework.boot.StartupInfoLogger [restartedMain] Running with Spring Boot v2.6.1, Spring v5.3.13
2022-01-14 15:41:29,753 INFO org.springframework.boot.SpringApplication [restartedMain] No active profile set, falling back to default profiles: default
2022-01-14 15:41:38,664 INFO org.springframework.boot.StartupInfoLogger [restartedMain] Started Application in 10.0 seconds (JVM running for 11.027)
2022-01-14 15:41:59,415 DEBUG lv.restart.your.love.Final.Project.Restart.Your.Love.controller.SignUpController [http-nio-8080-exec-4] Registering User account
2022-01-14 15:42:00,227 INFO lv.restart.your.love.Final.Project.Restart.Your.Love.controller.SignUpController [http-nio-8080-exec-4] User registered with username: Liva
2022-01-14 17:26:03,800 INFO org.springframework.boot.StartupInfoLogger [restartedMain] Starting Application using Java 11.0.11 on DESKTOP-KQ4S1ME with PID 2564 (F:\SGT_2\MainRepo\FinalProjectRestartYourLove\target\classes started by Admin in F:\SGT_2\MainRepo)
2022-01-14 17:26:03,803 DEBUG org.springframework.boot.StartupInfoLogger [restartedMain] Running with Spring Boot v2.6.1, Spring v5.3.13
2022-01-14 17:26:03,803 INFO org.springframework.boot.SpringApplication [restartedMain] No active profile set, falling back to default profiles: default
2022-01-14 17:26:12,398 INFO org.springframework.boot.StartupInfoLogger [restartedMain] Started Application in 9.568 seconds (JVM running for 11.344)
2022-01-14 17:26:20,001 ERROR lv.restart.your.love.Final.Project.Restart.Your.Love.controller.LoginController [http-nio-8080-exec-3] Authentication not successful.
2022-01-14 17:26:22,413 ERROR lv.restart.your.love.Final.Project.Restart.Your.Love.controller.LoginController [http-nio-8080-exec-5] Authentication not successful.
2022-01-14 17:27:41,184 INFO org.springframework.boot.StartupInfoLogger [restartedMain] Starting Application using Java 11.0.11 on DESKTOP-KQ4S1ME with PID 8616 (F:\SGT_2\MainRepo\FinalProjectRestartYourLove\target\classes started by Admin in F:\SGT_2\MainRepo)
2022-01-14 17:27:41,189 DEBUG org.springframework.boot.StartupInfoLogger [restartedMain] Running with Spring Boot v2.6.1, Spring v5.3.13
2022-01-14 17:27:41,189 INFO org.springframework.boot.SpringApplication [restartedMain] No active profile set, falling back to default profiles: default
2022-01-14 17:27:48,678 INFO org.springframework.boot.StartupInfoLogger [restartedMain] Started Application in 8.456 seconds (JVM running for 9.402)
2022-01-14 17:28:03,628 INFO lv.restart.your.love.Final.Project.Restart.Your.Love.controller.LoginController [http-nio-8080-exec-2] User logged in.
2022-01-14 17:31:12,900 INFO org.springframework.boot.StartupInfoLogger [restartedMain] Starting Application using Java 11.0.11 on DESKTOP-KQ4S1ME with PID 14060 (F:\SGT_2\MainRepo\FinalProjectRestartYourLove\target\classes started by Admin in F:\SGT_2\MainRepo)
2022-01-14 17:31:12,907 DEBUG org.springframework.boot.StartupInfoLogger [restartedMain] Running with Spring Boot v2.6.1, Spring v5.3.13
2022-01-14 17:31:12,907 INFO org.springframework.boot.SpringApplication [restartedMain] No active profile set, falling back to default profiles: default
2022-01-14 17:31:20,127 INFO org.springframework.boot.StartupInfoLogger [restartedMain] Started Application in 8.292 seconds (JVM running for 9.382)
2022-01-14 17:31:26,360 INFO lv.restart.your.love.Final.Project.Restart.Your.Love.controller.LoginController [http-nio-8080-exec-3] UserLizalogged in.
2022-01-14 17:31:28,726 ERROR lv.restart.your.love.Final.Project.Restart.Your.Love.controller.LoginController [http-nio-8080-exec-6] Authentication not successful.
2022-01-14 17:31:56,098 ERROR lv.restart.your.love.Final.Project.Restart.Your.Love.controller.LoginController [http-nio-8080-exec-8] Authentication not successful.
2022-01-14 17:32:31,012 ERROR lv.restart.your.love.Final.Project.Restart.Your.Love.controller.LoginController [http-nio-8080-exec-3] Authentication not successful.
2022-01-14 17:34:02,978 ERROR lv.restart.your.love.Final.Project.Restart.Your.Love.controller.LoginController [http-nio-8080-exec-9] Authentication not successful.
2022-01-14 17:36:37,143 INFO org.springframework.boot.StartupInfoLogger [restartedMain] Starting Application using Java 11.0.11 on DESKTOP-KQ4S1ME with PID 13956 (F:\SGT_2\MainRepo\FinalProjectRestartYourLove\target\classes started by Admin in F:\SGT_2\MainRepo)
2022-01-14 17:36:37,143 DEBUG org.springframework.boot.StartupInfoLogger [restartedMain] Running with Spring Boot v2.6.1, Spring v5.3.13
2022-01-14 17:36:37,143 INFO org.springframework.boot.SpringApplication [restartedMain] No active profile set, falling back to default profiles: default
2022-01-14 17:36:45,910 INFO org.springframework.boot.StartupInfoLogger [restartedMain] Started Application in 10.622 seconds (JVM running for 11.862)
2022-01-14 17:36:54,411 ERROR lv.restart.your.love.Final.Project.Restart.Your.Love.controller.LoginController [http-nio-8080-exec-2] Authentication not successful.
2022-01-14 17:39:35,485 INFO org.springframework.boot.StartupInfoLogger [restartedMain] Starting Application using Java 11.0.11 on DESKTOP-KQ4S1ME with PID 5980 (F:\SGT_2\MainRepo\FinalProjectRestartYourLove\target\classes started by Admin in F:\SGT_2\MainRepo)
2022-01-14 17:39:35,490 DEBUG org.springframework.boot.StartupInfoLogger [restartedMain] Running with Spring Boot v2.6.1, Spring v5.3.13
2022-01-14 17:39:35,491 INFO org.springframework.boot.SpringApplication [restartedMain] No active profile set, falling back to default profiles: default
2022-01-14 17:39:44,661 INFO org.springframework.boot.StartupInfoLogger [restartedMain] Started Application in 10.331 seconds (JVM running for 11.445)
2022-01-14 17:40:01,704 DEBUG lv.restart.your.love.Final.Project.Restart.Your.Love.controller.LoginController [http-nio-8080-exec-2] User login
2022-01-14 17:40:01,713 INFO lv.restart.your.love.Final.Project.Restart.Your.Love.controller.LoginController [http-nio-8080-exec-2] User test logged in.
2022-01-14 17:40:36,629 DEBUG lv.restart.your.love.Final.Project.Restart.Your.Love.controller.LoginController [http-nio-8080-exec-5] User login
2022-01-14 17:40:36,629 ERROR lv.restart.your.love.Final.Project.Restart.Your.Love.controller.LoginController [http-nio-8080-exec-5] Authentication not successful.
2022-01-14 17:40:36,763 DEBUG lv.restart.your.love.Final.Project.Restart.Your.Love.controller.LoginController [http-nio-8080-exec-7] User login
2022-01-14 17:40:36,765 ERROR lv.restart.your.love.Final.Project.Restart.Your.Love.controller.LoginController [http-nio-8080-exec-7] Authentication not successful.
2022-01-14 17:40:36,928 DEBUG lv.restart.your.love.Final.Project.Restart.Your.Love.controller.LoginController [http-nio-8080-exec-9] User login
2022-01-14 17:40:36,929 ERROR lv.restart.your.love.Final.Project.Restart.Your.Love.controller.LoginController [http-nio-8080-exec-9] Authentication not successful.
2022-01-14 18:05:27,075 INFO org.springframework.boot.StartupInfoLogger [restartedMain] Starting Application using Java 11.0.11 on DESKTOP-KQ4S1ME with PID 15948 (F:\SGT_2\MainRepo\FinalProjectRestartYourLove\target\classes started by Admin in F:\SGT_2\MainRepo)
2022-01-14 18:05:27,076 DEBUG org.springframework.boot.StartupInfoLogger [restartedMain] Running with Spring Boot v2.6.1, Spring v5.3.13
2022-01-14 18:05:27,076 INFO org.springframework.boot.SpringApplication [restartedMain] No active profile set, falling back to default profiles: default
2022-01-14 18:05:35,765 INFO org.springframework.boot.StartupInfoLogger [restartedMain] Started Application in 10.567 seconds (JVM running for 12.31)
2022-01-14 18:05:42,669 DEBUG lv.restart.your.love.Final.Project.Restart.Your.Love.controller.LoginController [http-nio-8080-exec-3] User login into existing profile.
2022-01-14 18:05:42,669 ERROR lv.restart.your.love.Final.Project.Restart.Your.Love.controller.LoginController [http-nio-8080-exec-3] Authentication not successful.
2022-01-14 18:06:40,355 DEBUG lv.restart.your.love.Final.Project.Restart.Your.Love.controller.TaskDoneButtonController [http-nio-8080-exec-7] Set task status as Not Done.
2022-01-14 18:06:40,899 INFO lv.restart.your.love.Final.Project.Restart.Your.Love.controller.TaskDoneButtonController [http-nio-8080-exec-7] User Liza set task 'Discover new flavors' as Not Done.
2022-01-14 18:07:04,100 DEBUG lv.restart.your.love.Final.Project.Restart.Your.Love.controller.TaskDoneButtonController [http-nio-8080-exec-10] Set task status as Done.
2022-01-14 18:07:04,586 INFO lv.restart.your.love.Final.Project.Restart.Your.Love.controller.TaskDoneButtonController [http-nio-8080-exec-10] User Liza set task 'Discover new flavors' as Done.
2022-01-14 18:07:18,185 DEBUG lv.restart.your.love.Final.Project.Restart.Your.Love.controller.LoginController [http-nio-8080-exec-3] User login into existing profile.
2022-01-14 18:07:18,185 ERROR lv.restart.your.love.Final.Project.Restart.Your.Love.controller.LoginController [http-nio-8080-exec-3] Authentication not successful.
